[28-Oct-2020 15:33:00 UTC] PHP Notice:  Undefined variable: html in /home/tom/xampp/summitrealtygp/wp-content/themes/realestate-7/admin/theme-functions.php on line 2712
[28-Oct-2020 15:33:00 UTC] PHP Stack trace:
[28-Oct-2020 15:33:00 UTC] PHP   1. {main}() /home/tom/xampp/summitrealtygp/wp-admin/admin-ajax.php:0
[28-Oct-2020 15:33:00 UTC] PHP   2. do_action() /home/tom/xampp/summitrealtygp/wp-admin/admin-ajax.php:176
[28-Oct-2020 15:33:00 UTC] PHP   3. WP_Hook->do_action() /home/tom/xampp/summitrealtygp/wp-includes/plugin.php:478
[28-Oct-2020 15:33:00 UTC] PHP   4. WP_Hook->apply_filters() /home/tom/xampp/summitrealtygp/wp-includes/class-wp-hook.php:311
[28-Oct-2020 15:33:00 UTC] PHP   5. ct_street_keyword_search_callback() /home/tom/xampp/summitrealtygp/wp-includes/class-wp-hook.php:287
[28-Oct-2020 15:34:05 UTC] PHP Notice:  Undefined variable: html in /home/tom/xampp/summitrealtygp/wp-content/themes/realestate-7/admin/theme-functions.php on line 2712
[28-Oct-2020 15:34:05 UTC] PHP Stack trace:
[28-Oct-2020 15:34:05 UTC] PHP   1. {main}() /home/tom/xampp/summitrealtygp/wp-admin/admin-ajax.php:0
[28-Oct-2020 15:34:05 UTC] PHP   2. do_action() /home/tom/xampp/summitrealtygp/wp-admin/admin-ajax.php:176
[28-Oct-2020 15:34:05 UTC] PHP   3. WP_Hook->do_action() /home/tom/xampp/summitrealtygp/wp-includes/plugin.php:478
[28-Oct-2020 15:34:05 UTC] PHP   4. WP_Hook->apply_filters() /home/tom/xampp/summitrealtygp/wp-includes/class-wp-hook.php:311
[28-Oct-2020 15:34:05 UTC] PHP   5. ct_street_keyword_search_callback() /home/tom/xampp/summitrealtygp/wp-includes/class-wp-hook.php:287
[28-Oct-2020 15:34:05 UTC] WordPress database error Subquery returns more than 1 row for query SELECT * FROM wp_posts WHERE wp_posts.post_status ='publish' AND wp_posts.post_type= 'listings' AND wp_posts.ID = (SELECT wp_postmeta.post_id  FROM wp_postmeta  WHERE wp_postmeta.meta_key = '_ct_listing_alt_title'  AND wp_postmeta.meta_value LIKE '%T%' OR wp_postmeta.meta_key = '_ct_rental_title'  AND wp_postmeta.meta_value LIKE '%T%' ) made by do_action('wp_ajax_street_keyword_search'), WP_Hook->do_action, WP_Hook->apply_filters, ct_street_keyword_search_callback
[28-Oct-2020 15:34:05 UTC] PHP Notice:  Undefined variable: html in /home/tom/xampp/summitrealtygp/wp-content/themes/realestate-7/admin/theme-functions.php on line 2712
[28-Oct-2020 15:34:05 UTC] PHP Stack trace:
[28-Oct-2020 15:34:05 UTC] PHP   1. {main}() /home/tom/xampp/summitrealtygp/wp-admin/admin-ajax.php:0
[28-Oct-2020 15:34:05 UTC] PHP   2. do_action() /home/tom/xampp/summitrealtygp/wp-admin/admin-ajax.php:176
[28-Oct-2020 15:34:05 UTC] PHP   3. WP_Hook->do_action() /home/tom/xampp/summitrealtygp/wp-includes/plugin.php:478
[28-Oct-2020 15:34:05 UTC] PHP   4. WP_Hook->apply_filters() /home/tom/xampp/summitrealtygp/wp-includes/class-wp-hook.php:311
[28-Oct-2020 15:34:05 UTC] PHP   5. ct_street_keyword_search_callback() /home/tom/xampp/summitrealtygp/wp-includes/class-wp-hook.php:287
[28-Oct-2020 15:34:17 UTC] PHP Notice:  Undefined variable: html in /home/tom/xampp/summitrealtygp/wp-content/themes/realestate-7/admin/theme-functions.php on line 2712
[28-Oct-2020 15:34:17 UTC] PHP Stack trace:
[28-Oct-2020 15:34:17 UTC] PHP   1. {main}() /home/tom/xampp/summitrealtygp/wp-admin/admin-ajax.php:0
[28-Oct-2020 15:34:17 UTC] PHP   2. do_action() /home/tom/xampp/summitrealtygp/wp-admin/admin-ajax.php:176
[28-Oct-2020 15:34:17 UTC] PHP   3. WP_Hook->do_action() /home/tom/xampp/summitrealtygp/wp-includes/plugin.php:478
[28-Oct-2020 15:34:17 UTC] PHP   4. WP_Hook->apply_filters() /home/tom/xampp/summitrealtygp/wp-includes/class-wp-hook.php:311
[28-Oct-2020 15:34:17 UTC] PHP   5. ct_street_keyword_search_callback() /home/tom/xampp/summitrealtygp/wp-includes/class-wp-hook.php:287
[28-Oct-2020 15:34:17 UTC] PHP Notice:  Undefined variable: html in /home/tom/xampp/summitrealtygp/wp-content/themes/realestate-7/admin/theme-functions.php on line 2712
[28-Oct-2020 15:34:17 UTC] PHP Stack trace:
[28-Oct-2020 15:34:17 UTC] PHP   1. {main}() /home/tom/xampp/summitrealtygp/wp-admin/admin-ajax.php:0
[28-Oct-2020 15:34:17 UTC] PHP   2. do_action() /home/tom/xampp/summitrealtygp/wp-admin/admin-ajax.php:176
[28-Oct-2020 15:34:17 UTC] PHP   3. WP_Hook->do_action() /home/tom/xampp/summitrealtygp/wp-includes/plugin.php:478
[28-Oct-2020 15:34:17 UTC] PHP   4. WP_Hook->apply_filters() /home/tom/xampp/summitrealtygp/wp-includes/class-wp-hook.php:311
[28-Oct-2020 15:34:17 UTC] PHP   5. ct_street_keyword_search_callback() /home/tom/xampp/summitrealtygp/wp-includes/class-wp-hook.php:287
[28-Oct-2020 15:34:30 UTC] PHP Notice:  Undefined variable: html in /home/tom/xampp/summitrealtygp/wp-content/themes/realestate-7/admin/theme-functions.php on line 2905
[28-Oct-2020 15:34:30 UTC] PHP Stack trace:
[28-Oct-2020 15:34:30 UTC] PHP   1. {main}() /home/tom/xampp/summitrealtygp/wp-admin/admin-ajax.php:0
[28-Oct-2020 15:34:30 UTC] PHP   2. do_action() /home/tom/xampp/summitrealtygp/wp-admin/admin-ajax.php:176
[28-Oct-2020 15:34:30 UTC] PHP   3. WP_Hook->do_action() /home/tom/xampp/summitrealtygp/wp-includes/plugin.php:478
[28-Oct-2020 15:34:30 UTC] PHP   4. WP_Hook->apply_filters() /home/tom/xampp/summitrealtygp/wp-includes/class-wp-hook.php:311
[28-Oct-2020 15:34:30 UTC] PHP   5. ct_street_keyword_search_callback() /home/tom/xampp/summitrealtygp/wp-includes/class-wp-hook.php:287
[28-Oct-2020 15:34:30 UTC] PHP Notice:  Undefined variable: html in /home/tom/xampp/summitrealtygp/wp-content/themes/realestate-7/admin/theme-functions.php on line 2905
[28-Oct-2020 15:34:30 UTC] PHP Stack trace:
[28-Oct-2020 15:34:30 UTC] PHP   1. {main}() /home/tom/xampp/summitrealtygp/wp-admin/admin-ajax.php:0
[28-Oct-2020 15:34:30 UTC] PHP   2. do_action() /home/tom/xampp/summitrealtygp/wp-admin/admin-ajax.php:176
[28-Oct-2020 15:34:30 UTC] PHP   3. WP_Hook->do_action() /home/tom/xampp/summitrealtygp/wp-includes/plugin.php:478
[28-Oct-2020 15:34:30 UTC] PHP   4. WP_Hook->apply_filters() /home/tom/xampp/summitrealtygp/wp-includes/class-wp-hook.php:311
[28-Oct-2020 15:34:30 UTC] PHP   5. ct_street_keyword_search_callback() /home/tom/xampp/summitrealtygp/wp-includes/class-wp-hook.php:287
[28-Oct-2020 15:34:30 UTC] PHP Notice:  Undefined variable: html in /home/tom/xampp/summitrealtygp/wp-content/themes/realestate-7/admin/theme-functions.php on line 2905
[28-Oct-2020 15:34:30 UTC] PHP Stack trace:
[28-Oct-2020 15:34:30 UTC] PHP   1. {main}() /home/tom/xampp/summitrealtygp/wp-admin/admin-ajax.php:0
[28-Oct-2020 15:34:30 UTC] PHP   2. do_action() /home/tom/xampp/summitrealtygp/wp-admin/admin-ajax.php:176
[28-Oct-2020 15:34:30 UTC] PHP   3. WP_Hook->do_action() /home/tom/xampp/summitrealtygp/wp-includes/plugin.php:478
[28-Oct-2020 15:34:30 UTC] PHP   4. WP_Hook->apply_filters() /home/tom/xampp/summitrealtygp/wp-includes/class-wp-hook.php:311
[28-Oct-2020 15:34:30 UTC] PHP   5. ct_street_keyword_search_callback() /home/tom/xampp/summitrealtygp/wp-includes/class-wp-hook.php:287
[28-Oct-2020 15:34:30 UTC] PHP Notice:  Undefined variable: html in /home/tom/xampp/summitrealtygp/wp-content/themes/realestate-7/admin/theme-functions.php on line 2905
[28-Oct-2020 15:34:30 UTC] PHP Stack trace:
[28-Oct-2020 15:34:30 UTC] PHP   1. {main}() /home/tom/xampp/summitrealtygp/wp-admin/admin-ajax.php:0
[28-Oct-2020 15:34:30 UTC] PHP   2. do_action() /home/tom/xampp/summitrealtygp/wp-admin/admin-ajax.php:176
[28-Oct-2020 15:34:30 UTC] PHP   3. WP_Hook->do_action() /home/tom/xampp/summitrealtygp/wp-includes/plugin.php:478
[28-Oct-2020 15:34:30 UTC] PHP   4. WP_Hook->apply_filters() /home/tom/xampp/summitrealtygp/wp-includes/class-wp-hook.php:311
[28-Oct-2020 15:34:30 UTC] PHP   5. ct_street_keyword_search_callback() /home/tom/xampp/summitrealtygp/wp-includes/class-wp-hook.php:287
[28-Oct-2020 15:34:30 UTC] PHP Notice:  Undefined variable: html in /home/tom/xampp/summitrealtygp/wp-content/themes/realestate-7/admin/theme-functions.php on line 2905
[28-Oct-2020 15:34:30 UTC] PHP Stack trace:
[28-Oct-2020 15:34:30 UTC] PHP   1. {main}() /home/tom/xampp/summitrealtygp/wp-admin/admin-ajax.php:0
[28-Oct-2020 15:34:30 UTC] PHP   2. do_action() /home/tom/xampp/summitrealtygp/wp-admin/admin-ajax.php:176
[28-Oct-2020 15:34:30 UTC] PHP   3. WP_Hook->do_action() /home/tom/xampp/summitrealtygp/wp-includes/plugin.php:478
[28-Oct-2020 15:34:30 UTC] PHP   4. WP_Hook->apply_filters() /home/tom/xampp/summitrealtygp/wp-includes/class-wp-hook.php:311
[28-Oct-2020 15:34:30 UTC] PHP   5. ct_street_keyword_search_callback() /home/tom/xampp/summitrealtygp/wp-includes/class-wp-hook.php:287
[28-Oct-2020 15:34:31 UTC] PHP Notice:  Undefined variable: html in /home/tom/xampp/summitrealtygp/wp-content/themes/realestate-7/admin/theme-functions.php on line 2905
[28-Oct-2020 15:34:31 UTC] PHP Stack trace:
[28-Oct-2020 15:34:31 UTC] PHP   1. {main}() /home/tom/xampp/summitrealtygp/wp-admin/admin-ajax.php:0
[28-Oct-2020 15:34:31 UTC] PHP   2. do_action() /home/tom/xampp/summitrealtygp/wp-admin/admin-ajax.php:176
[28-Oct-2020 15:34:31 UTC] PHP   3. WP_Hook->do_action() /home/tom/xampp/summitrealtygp/wp-includes/plugin.php:478
[28-Oct-2020 15:34:31 UTC] PHP   4. WP_Hook->apply_filters() /home/tom/xampp/summitrealtygp/wp-includes/class-wp-hook.php:311
[28-Oct-2020 15:34:31 UTC] PHP   5. ct_street_keyword_search_callback() /home/tom/xampp/summitrealtygp/wp-includes/class-wp-hook.php:287
[28-Oct-2020 15:34:31 UTC] PHP Notice:  Undefined variable: html in /home/tom/xampp/summitrealtygp/wp-content/themes/realestate-7/admin/theme-functions.php on line 2905
[28-Oct-2020 15:34:31 UTC] PHP Stack trace:
[28-Oct-2020 15:34:31 UTC] PHP   1. {main}() /home/tom/xampp/summitrealtygp/wp-admin/admin-ajax.php:0
[28-Oct-2020 15:34:31 UTC] PHP   2. do_action() /home/tom/xampp/summitrealtygp/wp-admin/admin-ajax.php:176
[28-Oct-2020 15:34:31 UTC] PHP   3. WP_Hook->do_action() /home/tom/xampp/summitrealtygp/wp-includes/plugin.php:478
[28-Oct-2020 15:34:31 UTC] PHP   4. WP_Hook->apply_filters() /home/tom/xampp/summitrealtygp/wp-includes/class-wp-hook.php:311
[28-Oct-2020 15:34:31 UTC] PHP   5. ct_street_keyword_search_callback() /home/tom/xampp/summitrealtygp/wp-includes/class-wp-hook.php:287
[28-Oct-2020 15:34:31 UTC] PHP Notice:  Undefined variable: html in /home/tom/xampp/summitrealtygp/wp-content/themes/realestate-7/admin/theme-functions.php on line 2905
[28-Oct-2020 15:34:31 UTC] PHP Stack trace:
[28-Oct-2020 15:34:31 UTC] PHP   1. {main}() /home/tom/xampp/summitrealtygp/wp-admin/admin-ajax.php:0
[28-Oct-2020 15:34:31 UTC] PHP   2. do_action() /home/tom/xampp/summitrealtygp/wp-admin/admin-ajax.php:176
[28-Oct-2020 15:34:31 UTC] PHP   3. WP_Hook->do_action() /home/tom/xampp/summitrealtygp/wp-includes/plugin.php:478
[28-Oct-2020 15:34:31 UTC] PHP   4. WP_Hook->apply_filters() /home/tom/xampp/summitrealtygp/wp-includes/class-wp-hook.php:311
[28-Oct-2020 15:34:31 UTC] PHP   5. ct_street_keyword_search_callback() /home/tom/xampp/summitrealtygp/wp-includes/class-wp-hook.php:287
[28-Oct-2020 15:34:31 UTC] PHP Notice:  Undefined variable: html in /home/tom/xampp/summitrealtygp/wp-content/themes/realestate-7/admin/theme-functions.php on line 2905
[28-Oct-2020 15:34:31 UTC] PHP Stack trace:
[28-Oct-2020 15:34:31 UTC] PHP   1. {main}() /home/tom/xampp/summitrealtygp/wp-admin/admin-ajax.php:0
[28-Oct-2020 15:34:31 UTC] PHP   2. do_action() /home/tom/xampp/summitrealtygp/wp-admin/admin-ajax.php:176
[28-Oct-2020 15:34:31 UTC] PHP   3. WP_Hook->do_action() /home/tom/xampp/summitrealtygp/wp-includes/plugin.php:478
[28-Oct-2020 15:34:31 UTC] PHP   4. WP_Hook->apply_filters() /home/tom/xampp/summitrealtygp/wp-includes/class-wp-hook.php:311
[28-Oct-2020 15:34:31 UTC] PHP   5. ct_street_keyword_search_callback() /home/tom/xampp/summitrealtygp/wp-includes/class-wp-hook.php:287
[28-Oct-2020 15:34:31 UTC] PHP Notice:  Undefined variable: html in /home/tom/xampp/summitrealtygp/wp-content/themes/realestate-7/admin/theme-functions.php on line 2905
[28-Oct-2020 15:34:31 UTC] PHP Stack trace:
[28-Oct-2020 15:34:31 UTC] PHP   1. {main}() /home/tom/xampp/summitrealtygp/wp-admin/admin-ajax.php:0
[28-Oct-2020 15:34:31 UTC] PHP   2. do_action() /home/tom/xampp/summitrealtygp/wp-admin/admin-ajax.php:176
[28-Oct-2020 15:34:31 UTC] PHP   3. WP_Hook->do_action() /home/tom/xampp/summitrealtygp/wp-includes/plugin.php:478
[28-Oct-2020 15:34:31 UTC] PHP   4. WP_Hook->apply_filters() /home/tom/xampp/summitrealtygp/wp-includes/class-wp-hook.php:311
[28-Oct-2020 15:34:31 UTC] PHP   5. ct_street_keyword_search_callback() /home/tom/xampp/summitrealtygp/wp-includes/class-wp-hook.php:287
[28-Oct-2020 15:34:31 UTC] PHP Notice:  Undefined variable: html in /home/tom/xampp/summitrealtygp/wp-content/themes/realestate-7/admin/theme-functions.php on line 2905
[28-Oct-2020 15:34:31 UTC] PHP Stack trace:
[28-Oct-2020 15:34:31 UTC] PHP   1. {main}() /home/tom/xampp/summitrealtygp/wp-admin/admin-ajax.php:0
[28-Oct-2020 15:34:31 UTC] PHP   2. do_action() /home/tom/xampp/summitrealtygp/wp-admin/admin-ajax.php:176
[28-Oct-2020 15:34:31 UTC] PHP   3. WP_Hook->do_action() /home/tom/xampp/summitrealtygp/wp-includes/plugin.php:478
[28-Oct-2020 15:34:31 UTC] PHP   4. WP_Hook->apply_filters() /home/tom/xampp/summitrealtygp/wp-includes/class-wp-hook.php:311
[28-Oct-2020 15:34:31 UTC] PHP   5. ct_street_keyword_search_callback() /home/tom/xampp/summitrealtygp/wp-includes/class-wp-hook.php:287
[28-Oct-2020 15:34:31 UTC] PHP Notice:  Undefined variable: html in /home/tom/xampp/summitrealtygp/wp-content/themes/realestate-7/admin/theme-functions.php on line 2905
[28-Oct-2020 15:34:31 UTC] PHP Stack trace:
[28-Oct-2020 15:34:31 UTC] PHP   1. {main}() /home/tom/xampp/summitrealtygp/wp-admin/admin-ajax.php:0
[28-Oct-2020 15:34:31 UTC] PHP   2. do_action() /home/tom/xampp/summitrealtygp/wp-admin/admin-ajax.php:176
[28-Oct-2020 15:34:31 UTC] PHP   3. WP_Hook->do_action() /home/tom/xampp/summitrealtygp/wp-includes/plugin.php:478
[28-Oct-2020 15:34:31 UTC] PHP   4. WP_Hook->apply_filters() /home/tom/xampp/summitrealtygp/wp-includes/class-wp-hook.php:311
[28-Oct-2020 15:34:31 UTC] PHP   5. ct_street_keyword_search_callback() /home/tom/xampp/summitrealtygp/wp-includes/class-wp-hook.php:287
[28-Oct-2020 15:35:16 UTC] PHP Notice:  Undefined variable: html in /home/tom/xampp/summitrealtygp/wp-content/themes/realestate-7/admin/theme-functions.php on line 2712
[28-Oct-2020 15:35:16 UTC] PHP Stack trace:
[28-Oct-2020 15:35:16 UTC] PHP   1. {main}() /home/tom/xampp/summitrealtygp/wp-admin/admin-ajax.php:0
[28-Oct-2020 15:35:16 UTC] PHP   2. do_action() /home/tom/xampp/summitrealtygp/wp-admin/admin-ajax.php:176
[28-Oct-2020 15:35:16 UTC] PHP   3. WP_Hook->do_action() /home/tom/xampp/summitrealtygp/wp-includes/plugin.php:478
[28-Oct-2020 15:35:16 UTC] PHP   4. WP_Hook->apply_filters() /home/tom/xampp/summitrealtygp/wp-includes/class-wp-hook.php:311
[28-Oct-2020 15:35:16 UTC] PHP   5. ct_street_keyword_search_callback() /home/tom/xampp/summitrealtygp/wp-includes/class-wp-hook.php:287
[28-Oct-2020 15:36:43 UTC] PHP Notice:  Undefined variable: html in /home/tom/xampp/summitrealtygp/wp-content/themes/realestate-7/admin/theme-functions.php on line 2905
[28-Oct-2020 15:36:43 UTC] PHP Stack trace:
[28-Oct-2020 15:36:43 UTC] PHP   1. {main}() /home/tom/xampp/summitrealtygp/wp-admin/admin-ajax.php:0
[28-Oct-2020 15:36:43 UTC] PHP   2. do_action() /home/tom/xampp/summitrealtygp/wp-admin/admin-ajax.php:176
[28-Oct-2020 15:36:43 UTC] PHP   3. WP_Hook->do_action() /home/tom/xampp/summitrealtygp/wp-includes/plugin.php:478
[28-Oct-2020 15:36:43 UTC] PHP   4. WP_Hook->apply_filters() /home/tom/xampp/summitrealtygp/wp-includes/class-wp-hook.php:311
[28-Oct-2020 15:36:43 UTC] PHP   5. ct_street_keyword_search_callback() /home/tom/xampp/summitrealtygp/wp-includes/class-wp-hook.php:287
[28-Oct-2020 15:36:52 UTC] PHP Notice:  Undefined variable: html in /home/tom/xampp/summitrealtygp/wp-content/themes/realestate-7/admin/theme-functions.php on line 2712
[28-Oct-2020 15:36:52 UTC] PHP Stack trace:
[28-Oct-2020 15:36:52 UTC] PHP   1. {main}() /home/tom/xampp/summitrealtygp/wp-admin/admin-ajax.php:0
[28-Oct-2020 15:36:52 UTC] PHP   2. do_action() /home/tom/xampp/summitrealtygp/wp-admin/admin-ajax.php:176
[28-Oct-2020 15:36:52 UTC] PHP   3. WP_Hook->do_action() /home/tom/xampp/summitrealtygp/wp-includes/plugin.php:478
[28-Oct-2020 15:36:52 UTC] PHP   4. WP_Hook->apply_filters() /home/tom/xampp/summitrealtygp/wp-includes/class-wp-hook.php:311
[28-Oct-2020 15:36:52 UTC] PHP   5. ct_street_keyword_search_callback() /home/tom/xampp/summitrealtygp/wp-includes/class-wp-hook.php:287
[28-Oct-2020 15:38:03 UTC] PHP Notice:  Undefined variable: html in /home/tom/xampp/summitrealtygp/wp-content/themes/realestate-7/admin/theme-functions.php on line 2712
[28-Oct-2020 15:38:03 UTC] PHP Stack trace:
[28-Oct-2020 15:38:03 UTC] PHP   1. {main}() /home/tom/xampp/summitrealtygp/wp-admin/admin-ajax.php:0
[28-Oct-2020 15:38:03 UTC] PHP   2. do_action() /home/tom/xampp/summitrealtygp/wp-admin/admin-ajax.php:176
[28-Oct-2020 15:38:03 UTC] PHP   3. WP_Hook->do_action() /home/tom/xampp/summitrealtygp/wp-includes/plugin.php:478
[28-Oct-2020 15:38:03 UTC] PHP   4. WP_Hook->apply_filters() /home/tom/xampp/summitrealtygp/wp-includes/class-wp-hook.php:311
[28-Oct-2020 15:38:03 UTC] PHP   5. ct_street_keyword_search_callback() /home/tom/xampp/summitrealtygp/wp-includes/class-wp-hook.php:287
[28-Oct-2020 15:38:16 UTC] PHP Notice:  Undefined variable: html in /home/tom/xampp/summitrealtygp/wp-content/themes/realestate-7/admin/theme-functions.php on line 2712
[28-Oct-2020 15:38:16 UTC] PHP Stack trace:
[28-Oct-2020 15:38:16 UTC] PHP   1. {main}() /home/tom/xampp/summitrealtygp/wp-admin/admin-ajax.php:0
[28-Oct-2020 15:38:16 UTC] PHP   2. do_action() /home/tom/xampp/summitrealtygp/wp-admin/admin-ajax.php:176
[28-Oct-2020 15:38:16 UTC] PHP   3. WP_Hook->do_action() /home/tom/xampp/summitrealtygp/wp-includes/plugin.php:478
[28-Oct-2020 15:38:16 UTC] PHP   4. WP_Hook->apply_filters() /home/tom/xampp/summitrealtygp/wp-includes/class-wp-hook.php:311
[28-Oct-2020 15:38:16 UTC] PHP   5. ct_street_keyword_search_callback() /home/tom/xampp/summitrealtygp/wp-includes/class-wp-hook.php:287
[28-Oct-2020 15:40:27 UTC] PHP Notice:  Undefined variable: html in /home/tom/xampp/summitrealtygp/wp-content/themes/realestate-7/admin/theme-functions.php on line 2905
[28-Oct-2020 15:40:27 UTC] PHP Stack trace:
[28-Oct-2020 15:40:27 UTC] PHP   1. {main}() /home/tom/xampp/summitrealtygp/wp-admin/admin-ajax.php:0
[28-Oct-2020 15:40:27 UTC] PHP   2. do_action() /home/tom/xampp/summitrealtygp/wp-admin/admin-ajax.php:176
[28-Oct-2020 15:40:27 UTC] PHP   3. WP_Hook->do_action() /home/tom/xampp/summitrealtygp/wp-includes/plugin.php:478
[28-Oct-2020 15:40:27 UTC] PHP   4. WP_Hook->apply_filters() /home/tom/xampp/summitrealtygp/wp-includes/class-wp-hook.php:311
[28-Oct-2020 15:40:27 UTC] PHP   5. ct_street_keyword_search_callback() /home/tom/xampp/summitrealtygp/wp-includes/class-wp-hook.php:287
[28-Oct-2020 15:40:31 UTC] PHP Notice:  Undefined variable: html in /home/tom/xampp/summitrealtygp/wp-content/themes/realestate-7/admin/theme-functions.php on line 2905
[28-Oct-2020 15:40:31 UTC] PHP Stack trace:
[28-Oct-2020 15:40:31 UTC] PHP   1. {main}() /home/tom/xampp/summitrealtygp/wp-admin/admin-ajax.php:0
[28-Oct-2020 15:40:31 UTC] PHP   2. do_action() /home/tom/xampp/summitrealtygp/wp-admin/admin-ajax.php:176
[28-Oct-2020 15:40:31 UTC] PHP   3. WP_Hook->do_action() /home/tom/xampp/summitrealtygp/wp-includes/plugin.php:478
[28-Oct-2020 15:40:31 UTC] PHP   4. WP_Hook->apply_filters() /home/tom/xampp/summitrealtygp/wp-includes/class-wp-hook.php:311
[28-Oct-2020 15:40:31 UTC] PHP   5. ct_street_keyword_search_callback() /home/tom/xampp/summitrealtygp/wp-includes/class-wp-hook.php:287
[28-Oct-2020 15:42:03 UTC] PHP Notice:  Undefined variable: html in /home/tom/xampp/summitrealtygp/wp-content/themes/realestate-7/admin/theme-functions.php on line 2712
[28-Oct-2020 15:42:03 UTC] PHP Stack trace:
[28-Oct-2020 15:42:03 UTC] PHP   1. {main}() /home/tom/xampp/summitrealtygp/wp-admin/admin-ajax.php:0
[28-Oct-2020 15:42:03 UTC] PHP   2. do_action() /home/tom/xampp/summitrealtygp/wp-admin/admin-ajax.php:176
[28-Oct-2020 15:42:03 UTC] PHP   3. WP_Hook->do_action() /home/tom/xampp/summitrealtygp/wp-includes/plugin.php:478
[28-Oct-2020 15:42:03 UTC] PHP   4. WP_Hook->apply_filters() /home/tom/xampp/summitrealtygp/wp-includes/class-wp-hook.php:311
[28-Oct-2020 15:42:03 UTC] PHP   5. ct_street_keyword_search_callback() /home/tom/xampp/summitrealtygp/wp-includes/class-wp-hook.php:287
